
**** Build of configuration Debug for project car ****

"D:\\ti\\ccs1200\\ccs\\utils\\bin\\gmake" -k -j 12 all -O 
 
Building file: "../LQ12864.c"
Invoking: ARM Compiler
"D:/ti/ccs1200/ccs/tools/compiler/ti-cgt-arm_20.2.6.LTS/bin/armcl" -mv7M4 --code_state=16 --float_support=FPv4SPD16 -me --include_path="D:/ti/ccs1200/ccs/ccs_base/arm/include" --include_path="D:/ti/ccs1200/ccs/ccs_base/arm/include/CMSIS" --include_path="E:/CCS_workspace/car" --include_path="D:/ti/ccs1200/ccs/tools/compiler/ti-cgt-arm_20.2.6.LTS/include" --advice:power=all --define=__MSP432P401R__ --define=ccs -g --gcc --diag_warning=225 --diag_wrap=off --display_error_number --abi=eabi --preproc_with_compile --preproc_dependency="LQ12864.d_raw"  "../LQ12864.c"
 
>> Compilation failure
subdir_rules.mk:9: recipe for target 'LQ12864.obj' failed
"../LQ12864.c", line 34: fatal error #1965: cannot open source file "ti/devices/msp432p4xx/driverlib/driverlib.h"
1 catastrophic error detected in the compilation of "../LQ12864.c".
Compilation terminated.
gmake: *** [LQ12864.obj] Error 1
Building file: "../car.c"
Invoking: ARM Compiler
"D:/ti/ccs1200/ccs/tools/compiler/ti-cgt-arm_20.2.6.LTS/bin/armcl" -mv7M4 --code_state=16 --float_support=FPv4SPD16 -me --include_path="D:/ti/ccs1200/ccs/ccs_base/arm/include" --include_path="D:/ti/ccs1200/ccs/ccs_base/arm/include/CMSIS" --include_path="E:/CCS_workspace/car" --include_path="D:/ti/ccs1200/ccs/tools/compiler/ti-cgt-arm_20.2.6.LTS/include" --advice:power=all --define=__MSP432P401R__ --define=ccs -g --gcc --diag_warning=225 --diag_wrap=off --display_error_number --abi=eabi --preproc_with_compile --preproc_dependency="car.d_raw"  "../car.c"
 
>> Compilation failure
subdir_rules.mk:9: recipe for target 'car.obj' failed
"../car.c", line 24: error #66: expected a ";"
At end of source: warning #12-D: parsing restarts here after previous syntax error
1 error detected in the compilation of "../car.c".
gmake: *** [car.obj] Error 1
Building file: "../timer_a_pwm_mode.c"
Invoking: ARM Compiler
"D:/ti/ccs1200/ccs/tools/compiler/ti-cgt-arm_20.2.6.LTS/bin/armcl" -mv7M4 --code_state=16 --float_support=FPv4SPD16 -me --include_path="D:/ti/ccs1200/ccs/ccs_base/arm/include" --include_path="D:/ti/ccs1200/ccs/ccs_base/arm/include/CMSIS" --include_path="E:/CCS_workspace/car" --include_path="D:/ti/ccs1200/ccs/tools/compiler/ti-cgt-arm_20.2.6.LTS/include" --advice:power=all --define=__MSP432P401R__ --define=ccs -g --gcc --diag_warning=225 --diag_wrap=off --display_error_number --abi=eabi --preproc_with_compile --preproc_dependency="timer_a_pwm_mode.d_raw"  "../timer_a_pwm_mode.c"
 
>> Compilation failure
subdir_rules.mk:9: recipe for target 'timer_a_pwm_mode.obj' failed
"../timer_a_pwm_mode.c", line 55: fatal error #1965: cannot open source file "ti/devices/msp432p4xx/driverlib/driverlib.h"
1 catastrophic error detected in the compilation of "../timer_a_pwm_mode.c".
Compilation terminated.
gmake: *** [timer_a_pwm_mode.obj] Error 1
Building file: "../main.c"
Invoking: ARM Compiler
"D:/ti/ccs1200/ccs/tools/compiler/ti-cgt-arm_20.2.6.LTS/bin/armcl" -mv7M4 --code_state=16 --float_support=FPv4SPD16 -me --include_path="D:/ti/ccs1200/ccs/ccs_base/arm/include" --include_path="D:/ti/ccs1200/ccs/ccs_base/arm/include/CMSIS" --include_path="E:/CCS_workspace/car" --include_path="D:/ti/ccs1200/ccs/tools/compiler/ti-cgt-arm_20.2.6.LTS/include" --advice:power=all --define=__MSP432P401R__ --define=ccs -g --gcc --diag_warning=225 --diag_wrap=off --display_error_number --abi=eabi --preproc_with_compile --preproc_dependency="main.d_raw"  "../main.c"
 
>> Compilation failure
subdir_rules.mk:9: recipe for target 'main.obj' failed
"..\car.c", line 24: error #66: expected a ";"
"../main.c", line 8: warning #12-D: parsing restarts here after previous syntax error
"..\PID.h", line 108: warning #9-D: nested comment is not allowed
"../main.c", line 33: warning #9-D: nested comment is not allowed
"../main.c", line 34: warning #9-D: nested comment is not allowed
"../main.c", line 35: warning #9-D: nested comment is not allowed
"../main.c", line 36: warning #9-D: nested comment is not allowed
"../main.c", line 46: warning #9-D: nested comment is not allowed
"../main.c", line 52: warning #9-D: nested comment is not allowed
"../main.c", line 73: error #66: expected a ";"
"../main.c", line 94: warning #12-D: parsing restarts here after previous syntax error
"../main.c", line 105: warning #225-D: function "Sysclk_init" declared implicitly
"../main.c", line 106: warning #225-D: function "Tim_init" declared implicitly
"../main.c", line 113: warning #225-D: function "Interrupt" declared implicitly
"../main.c", line 116: warning #225-D: function "IO_init" declared implicitly
"../main.c", line 126: warning #679-D: using out-of-scope declaration of function "display" (declared at line 22)
"../main.c", line 133: warning #679-D: using out-of-scope declaration of function "display" (declared at line 22)
"../main.c", line 138: warning #679-D: using out-of-scope declaration of function "PIDOUT_qian" (declared at line 18)
"../main.c", line 139: warning #679-D: using out-of-scope declaration of function "Set_temp" (declared at line 26)
"../main.c", line 143: warning #679-D: using out-of-scope declaration of function "PIDOUT_zuo" (declared at line 20)
"../main.c", line 144: warning #679-D: using out-of-scope declaration of function "Set_temp" (declared at line 26)
"../main.c", line 159: warning #225-D: function "delayms" declared implicitly
"../main.c", line 169: warning #48-D: incompatible redefinition of macro "pragma" (declared at line 154)
"../main.c", line 192: warning #679-D: using out-of-scope declaration of function "Set_temp" (declared at line 26)
"../main.c", line 204: warning #48-D: incompatible redefinition of macro "pragma" (declared at line 169)
"../main.c", line 223: warning #48-D: incompatible redefinition of macro "pragma" (declared at line 204)
"../main.c", line 240: warning #225-D: function "zheng_1" declared implicitly
"../main.c", line 241: warning #225-D: function "zheng_2" declared implicitly
"../main.c", line 247: warning #225-D: function "zheng_1" declared implicitly
"../main.c", line 248: warning #225-D: function "zheng_2" declared implicitly
"../main.c", line 287: warning #9-D: nested comment is not allowed
2 errors detected in the compilation of "../main.c".
gmake: *** [main.obj] Error 1
Building file: "../oled.c"
Invoking: ARM Compiler
"D:/ti/ccs1200/ccs/tools/compiler/ti-cgt-arm_20.2.6.LTS/bin/armcl" -mv7M4 --code_state=16 --float_support=FPv4SPD16 -me --include_path="D:/ti/ccs1200/ccs/ccs_base/arm/include" --include_path="D:/ti/ccs1200/ccs/ccs_base/arm/include/CMSIS" --include_path="E:/CCS_workspace/car" --include_path="D:/ti/ccs1200/ccs/tools/compiler/ti-cgt-arm_20.2.6.LTS/include" --advice:power=all --define=__MSP432P401R__ --define=ccs -g --gcc --diag_warning=225 --diag_wrap=off --display_error_number --abi=eabi --preproc_with_compile --preproc_dependency="oled.d_raw"  "../oled.c"
"../oled.c", line 91: warning #9-D: nested comment is not allowed
"../oled.c", line 204: warning #9-D: nested comment is not allowed
"../oled.c", line 262: warning #9-D: nested comment is not allowed
Finished building: "../oled.c"
 
Building file: "../startup_msp432p401r_ccs.c"
Invoking: ARM Compiler
"D:/ti/ccs1200/ccs/tools/compiler/ti-cgt-arm_20.2.6.LTS/bin/armcl" -mv7M4 --code_state=16 --float_support=FPv4SPD16 -me --include_path="D:/ti/ccs1200/ccs/ccs_base/arm/include" --include_path="D:/ti/ccs1200/ccs/ccs_base/arm/include/CMSIS" --include_path="E:/CCS_workspace/car" --include_path="D:/ti/ccs1200/ccs/tools/compiler/ti-cgt-arm_20.2.6.LTS/include" --advice:power=all --define=__MSP432P401R__ --define=ccs -g --gcc --diag_warning=225 --diag_wrap=off --display_error_number --abi=eabi --preproc_with_compile --preproc_dependency="startup_msp432p401r_ccs.d_raw"  "../startup_msp432p401r_ccs.c"
Finished building: "../startup_msp432p401r_ccs.c"
 
Building file: "../ccs/startup_msp432p401r_ccs.c"
Invoking: ARM Compiler
"D:/ti/ccs1200/ccs/tools/compiler/ti-cgt-arm_20.2.6.LTS/bin/armcl" -mv7M4 --code_state=16 --float_support=FPv4SPD16 -me --include_path="D:/ti/ccs1200/ccs/ccs_base/arm/include" --include_path="D:/ti/ccs1200/ccs/ccs_base/arm/include/CMSIS" --include_path="E:/CCS_workspace/car" --include_path="D:/ti/ccs1200/ccs/tools/compiler/ti-cgt-arm_20.2.6.LTS/include" --advice:power=all --define=__MSP432P401R__ --define=ccs -g --gcc --diag_warning=225 --diag_wrap=off --display_error_number --abi=eabi --preproc_with_compile --preproc_dependency="ccs/startup_msp432p401r_ccs.d_raw" --obj_directory="ccs"  "../ccs/startup_msp432p401r_ccs.c"
Finished building: "../ccs/startup_msp432p401r_ccs.c"
 
Building file: "../system_msp432p401r.c"
Invoking: ARM Compiler
"D:/ti/ccs1200/ccs/tools/compiler/ti-cgt-arm_20.2.6.LTS/bin/armcl" -mv7M4 --code_state=16 --float_support=FPv4SPD16 -me --include_path="D:/ti/ccs1200/ccs/ccs_base/arm/include" --include_path="D:/ti/ccs1200/ccs/ccs_base/arm/include/CMSIS" --include_path="E:/CCS_workspace/car" --include_path="D:/ti/ccs1200/ccs/tools/compiler/ti-cgt-arm_20.2.6.LTS/include" --advice:power=all --define=__MSP432P401R__ --define=ccs -g --gcc --diag_warning=225 --diag_wrap=off --display_error_number --abi=eabi --preproc_with_compile --preproc_dependency="system_msp432p401r.d_raw"  "../system_msp432p401r.c"
"../system_msp432p401r.c", line 156: remark #2624-D: (ULP 5.4) Detected an assignment to a type with size less than int. To avoid unnecessary sign extension, use int-sized types for local varaibles and convert to smaller types for static storage.
"../system_msp432p401r.c", line 189: remark #2624-D: (ULP 5.4) Detected an assignment to a type with size less than int. To avoid unnecessary sign extension, use int-sized types for local varaibles and convert to smaller types for static storage.
Finished building: "../system_msp432p401r.c"
 
gmake: Target 'all' not remade because of errors.

**** Build Finished ****
